{"C:\\Users\\lxndr\\Documents\\Szakdolgozat\\RaccoonRecycle\\PrismaBackend\\routes\\GetSaveRoute.js": {"path":"C:\\Users\\lxndr\\Documents\\Szakdolgozat\\RaccoonRecycle\\PrismaBackend\\routes\\GetSaveRoute.js","statementMap":{"0":{"start":{"line":1,"column":25},"end":{"line":1,"column":50}},"1":{"start":{"line":2,"column":15},"end":{"line":2,"column":33}},"2":{"start":{"line":3,"column":12},"end":{"line":3,"column":35}},"3":{"start":{"line":4,"column":15},"end":{"line":4,"column":33}},"4":{"start":{"line":5,"column":17},"end":{"line":5,"column":39}},"5":{"start":{"line":6,"column":17},"end":{"line":6,"column":34}},"6":{"start":{"line":7,"column":23},"end":{"line":7,"column":65}},"7":{"start":{"line":10,"column":0},"end":{"line":36,"column":1}},"8":{"start":{"line":11,"column":4},"end":{"line":34,"column":6}},"9":{"start":{"line":12,"column":29},"end":{"line":12,"column":57}},"10":{"start":{"line":13,"column":28},"end":{"line":13,"column":54}},"11":{"start":{"line":14,"column":25},"end":{"line":14,"column":56}},"12":{"start":{"line":15,"column":8},"end":{"line":32,"column":9}},"13":{"start":{"line":16,"column":29},"end":{"line":24,"column":14}},"14":{"start":{"line":28,"column":12},"end":{"line":28,"column":30}},"15":{"start":{"line":31,"column":12},"end":{"line":31,"column":49}}},"fnMap":{"0":{"name":"(anonymous_0)","decl":{"start":{"line":10,"column":17},"end":{"line":10,"column":18}},"loc":{"start":{"line":10,"column":24},"end":{"line":36,"column":1}},"line":10},"1":{"name":"(anonymous_1)","decl":{"start":{"line":11,"column":47},"end":{"line":11,"column":48}},"loc":{"start":{"line":11,"column":67},"end":{"line":34,"column":5}},"line":11}},"branchMap":{"0":{"loc":{"start":{"line":15,"column":8},"end":{"line":32,"column":9}},"type":"if","locations":[{"start":{"line":15,"column":8},"end":{"line":32,"column":9}},{"start":{"line":30,"column":12},"end":{"line":32,"column":9}}],"line":15}},"s":{"0":1,"1":1,"2":1,"3":1,"4":1,"5":1,"6":1,"7":1,"8":0,"9":0,"10":0,"11":0,"12":0,"13":0,"14":0,"15":0},"f":{"0":0,"1":0},"b":{"0":[0,0]},"_coverageSchema":"1a1c01bbd47fc00a2c39e90264f33305004495a9","hash":"cfee0426efcdac445e2e1d05e45a0673aa32e220"}
}
