{"C:\\Users\\lxndr\\Documents\\Szakdolgozat\\RaccoonRecycle\\PrismaBackend\\server.js": {"path":"C:\\Users\\lxndr\\Documents\\Szakdolgozat\\RaccoonRecycle\\PrismaBackend\\server.js","statementMap":{"0":{"start":{"line":1,"column":15},"end":{"line":1,"column":41}},"1":{"start":{"line":2,"column":13},"end":{"line":2,"column":28}},"2":{"start":{"line":3,"column":16},"end":{"line":3,"column":34}},"3":{"start":{"line":4,"column":12},"end":{"line":4,"column":21}},"4":{"start":{"line":5,"column":13},"end":{"line":5,"column":29}},"5":{"start":{"line":6,"column":0},"end":{"line":8,"column":3}},"6":{"start":{"line":10,"column":0},"end":{"line":10,"column":38}},"7":{"start":{"line":11,"column":0},"end":{"line":11,"column":38}},"8":{"start":{"line":12,"column":0},"end":{"line":12,"column":37}},"9":{"start":{"line":13,"column":0},"end":{"line":13,"column":35}},"10":{"start":{"line":14,"column":0},"end":{"line":14,"column":34}},"11":{"start":{"line":15,"column":0},"end":{"line":15,"column":39}},"12":{"start":{"line":16,"column":0},"end":{"line":16,"column":40}},"13":{"start":{"line":17,"column":0},"end":{"line":17,"column":45}},"14":{"start":{"line":18,"column":0},"end":{"line":18,"column":39}},"15":{"start":{"line":19,"column":0},"end":{"line":19,"column":34}},"16":{"start":{"line":20,"column":0},"end":{"line":20,"column":45}},"17":{"start":{"line":21,"column":0},"end":{"line":21,"column":45}},"18":{"start":{"line":23,"column":0},"end":{"line":23,"column":20}},"19":{"start":{"line":25,"column":0},"end":{"line":27,"column":2}},"20":{"start":{"line":26,"column":4},"end":{"line":26,"column":35}}},"fnMap":{"0":{"name":"(anonymous_0)","decl":{"start":{"line":25,"column":61},"end":{"line":25,"column":62}},"loc":{"start":{"line":25,"column":67},"end":{"line":27,"column":1}},"line":25}},"branchMap":{},"s":{"0":5,"1":5,"2":5,"3":5,"4":5,"5":5,"6":5,"7":5,"8":5,"9":5,"10":5,"11":5,"12":5,"13":5,"14":5,"15":5,"16":5,"17":5,"18":5,"19":5,"20":5},"f":{"0":5},"b":{},"_coverageSchema":"1a1c01bbd47fc00a2c39e90264f33305004495a9","hash":"07a1ef3b66b365100d9674f71b8138f103cd5a66"}
,"C:\\Users\\lxndr\\Documents\\Szakdolgozat\\RaccoonRecycle\\PrismaBackend\\routes\\GetAchievementsRoute.js": {"path":"C:\\Users\\lxndr\\Documents\\Szakdolgozat\\RaccoonRecycle\\PrismaBackend\\routes\\GetAchievementsRoute.js","statementMap":{"0":{"start":{"line":1,"column":25},"end":{"line":1,"column":50}},"1":{"start":{"line":2,"column":15},"end":{"line":2,"column":33}},"2":{"start":{"line":3,"column":12},"end":{"line":3,"column":35}},"3":{"start":{"line":4,"column":15},"end":{"line":4,"column":33}},"4":{"start":{"line":5,"column":17},"end":{"line":5,"column":39}},"5":{"start":{"line":6,"column":23},"end":{"line":6,"column":65}},"6":{"start":{"line":8,"column":0},"end":{"line":33,"column":1}},"7":{"start":{"line":9,"column":4},"end":{"line":31,"column":6}},"8":{"start":{"line":10,"column":8},"end":{"line":29,"column":9}},"9":{"start":{"line":11,"column":33},"end":{"line":11,"column":61}},"10":{"start":{"line":12,"column":32},"end":{"line":12,"column":58}},"11":{"start":{"line":13,"column":29},"end":{"line":13,"column":60}},"12":{"start":{"line":14,"column":12},"end":{"line":24,"column":13}},"13":{"start":{"line":15,"column":37},"end":{"line":22,"column":18}},"14":{"start":{"line":23,"column":16},"end":{"line":23,"column":45}},"15":{"start":{"line":25,"column":12},"end":{"line":25,"column":62}},"16":{"start":{"line":28,"column":12},"end":{"line":28,"column":62}}},"fnMap":{"0":{"name":"(anonymous_0)","decl":{"start":{"line":8,"column":17},"end":{"line":8,"column":18}},"loc":{"start":{"line":8,"column":24},"end":{"line":33,"column":1}},"line":8},"1":{"name":"(anonymous_1)","decl":{"start":{"line":9,"column":55},"end":{"line":9,"column":56}},"loc":{"start":{"line":9,"column":75},"end":{"line":31,"column":5}},"line":9}},"branchMap":{"0":{"loc":{"start":{"line":10,"column":8},"end":{"line":29,"column":9}},"type":"if","locations":[{"start":{"line":10,"column":8},"end":{"line":29,"column":9}},{"start":{"line":27,"column":13},"end":{"line":29,"column":9}}],"line":10},"1":{"loc":{"start":{"line":14,"column":12},"end":{"line":24,"column":13}},"type":"if","locations":[{"start":{"line":14,"column":12},"end":{"line":24,"column":13}},{"start":{},"end":{}}],"line":14}},"s":{"0":5,"1":5,"2":5,"3":5,"4":5,"5":5,"6":5,"7":5,"8":0,"9":0,"10":0,"11":0,"12":0,"13":0,"14":0,"15":0,"16":0},"f":{"0":5,"1":0},"b":{"0":[0,0],"1":[0,0]},"_coverageSchema":"1a1c01bbd47fc00a2c39e90264f33305004495a9","hash":"e3a1bdc735c6d03d17d85b7ebc052e7967cb1ad6"}
,"C:\\Users\\lxndr\\Documents\\Szakdolgozat\\RaccoonRecycle\\PrismaBackend\\routes\\GetSaveIDRoute.js": {"path":"C:\\Users\\lxndr\\Documents\\Szakdolgozat\\RaccoonRecycle\\PrismaBackend\\routes\\GetSaveIDRoute.js","statementMap":{"0":{"start":{"line":1,"column":25},"end":{"line":1,"column":50}},"1":{"start":{"line":2,"column":15},"end":{"line":2,"column":33}},"2":{"start":{"line":3,"column":12},"end":{"line":3,"column":35}},"3":{"start":{"line":4,"column":15},"end":{"line":4,"column":33}},"4":{"start":{"line":5,"column":17},"end":{"line":5,"column":39}},"5":{"start":{"line":6,"column":23},"end":{"line":6,"column":65}},"6":{"start":{"line":8,"column":0},"end":{"line":38,"column":1}},"7":{"start":{"line":9,"column":4},"end":{"line":36,"column":6}},"8":{"start":{"line":10,"column":8},"end":{"line":34,"column":9}},"9":{"start":{"line":11,"column":33},"end":{"line":11,"column":61}},"10":{"start":{"line":12,"column":32},"end":{"line":12,"column":58}},"11":{"start":{"line":13,"column":29},"end":{"line":13,"column":60}},"12":{"start":{"line":14,"column":12},"end":{"line":30,"column":13}},"13":{"start":{"line":15,"column":33},"end":{"line":26,"column":18}},"14":{"start":{"line":27,"column":16},"end":{"line":27,"column":48}},"15":{"start":{"line":29,"column":16},"end":{"line":29,"column":66}},"16":{"start":{"line":33,"column":12},"end":{"line":33,"column":62}}},"fnMap":{"0":{"name":"(anonymous_0)","decl":{"start":{"line":8,"column":17},"end":{"line":8,"column":18}},"loc":{"start":{"line":8,"column":24},"end":{"line":38,"column":1}},"line":8},"1":{"name":"(anonymous_1)","decl":{"start":{"line":9,"column":49},"end":{"line":9,"column":50}},"loc":{"start":{"line":9,"column":69},"end":{"line":36,"column":5}},"line":9}},"branchMap":{"0":{"loc":{"start":{"line":10,"column":8},"end":{"line":34,"column":9}},"type":"if","locations":[{"start":{"line":10,"column":8},"end":{"line":34,"column":9}},{"start":{"line":32,"column":13},"end":{"line":34,"column":9}}],"line":10},"1":{"loc":{"start":{"line":14,"column":12},"end":{"line":30,"column":13}},"type":"if","locations":[{"start":{"line":14,"column":12},"end":{"line":30,"column":13}},{"start":{"line":28,"column":17},"end":{"line":30,"column":13}}],"line":14}},"s":{"0":5,"1":5,"2":5,"3":5,"4":5,"5":5,"6":5,"7":5,"8":0,"9":0,"10":0,"11":0,"12":0,"13":0,"14":0,"15":0,"16":0},"f":{"0":5,"1":0},"b":{"0":[0,0],"1":[0,0]},"_coverageSchema":"1a1c01bbd47fc00a2c39e90264f33305004495a9","hash":"9c5f8803bb36cb8c29a39a0d79d2f94de84efa3f"}
,"C:\\Users\\lxndr\\Documents\\Szakdolgozat\\RaccoonRecycle\\PrismaBackend\\routes\\GetSaveRoute.js": {"path":"C:\\Users\\lxndr\\Documents\\Szakdolgozat\\RaccoonRecycle\\PrismaBackend\\routes\\GetSaveRoute.js","statementMap":{"0":{"start":{"line":1,"column":25},"end":{"line":1,"column":50}},"1":{"start":{"line":2,"column":15},"end":{"line":2,"column":33}},"2":{"start":{"line":3,"column":12},"end":{"line":3,"column":35}},"3":{"start":{"line":4,"column":15},"end":{"line":4,"column":33}},"4":{"start":{"line":5,"column":17},"end":{"line":5,"column":39}},"5":{"start":{"line":6,"column":23},"end":{"line":6,"column":65}},"6":{"start":{"line":8,"column":0},"end":{"line":35,"column":1}},"7":{"start":{"line":9,"column":4},"end":{"line":33,"column":6}},"8":{"start":{"line":10,"column":8},"end":{"line":31,"column":9}},"9":{"start":{"line":12,"column":33},"end":{"line":12,"column":61}},"10":{"start":{"line":13,"column":32},"end":{"line":13,"column":58}},"11":{"start":{"line":14,"column":29},"end":{"line":14,"column":60}},"12":{"start":{"line":15,"column":12},"end":{"line":26,"column":13}},"13":{"start":{"line":16,"column":33},"end":{"line":24,"column":18}},"14":{"start":{"line":25,"column":16},"end":{"line":25,"column":48}},"15":{"start":{"line":27,"column":12},"end":{"line":27,"column":59}},"16":{"start":{"line":30,"column":12},"end":{"line":30,"column":59}}},"fnMap":{"0":{"name":"(anonymous_0)","decl":{"start":{"line":8,"column":17},"end":{"line":8,"column":18}},"loc":{"start":{"line":8,"column":24},"end":{"line":35,"column":1}},"line":8},"1":{"name":"(anonymous_1)","decl":{"start":{"line":9,"column":47},"end":{"line":9,"column":48}},"loc":{"start":{"line":9,"column":67},"end":{"line":33,"column":5}},"line":9}},"branchMap":{"0":{"loc":{"start":{"line":10,"column":8},"end":{"line":31,"column":9}},"type":"if","locations":[{"start":{"line":10,"column":8},"end":{"line":31,"column":9}},{"start":{"line":29,"column":12},"end":{"line":31,"column":9}}],"line":10},"1":{"loc":{"start":{"line":15,"column":12},"end":{"line":26,"column":13}},"type":"if","locations":[{"start":{"line":15,"column":12},"end":{"line":26,"column":13}},{"start":{},"end":{}}],"line":15}},"s":{"0":5,"1":5,"2":5,"3":5,"4":5,"5":5,"6":5,"7":5,"8":0,"9":0,"10":0,"11":0,"12":0,"13":0,"14":0,"15":0,"16":0},"f":{"0":5,"1":0},"b":{"0":[0,0],"1":[0,0]},"_coverageSchema":"1a1c01bbd47fc00a2c39e90264f33305004495a9","hash":"0549b09478cd855821dbe8b5de19a67596a78f04"}
,"C:\\Users\\lxndr\\Documents\\Szakdolgozat\\RaccoonRecycle\\PrismaBackend\\routes\\ListOnlineUsersRoute.js": {"path":"C:\\Users\\lxndr\\Documents\\Szakdolgozat\\RaccoonRecycle\\PrismaBackend\\routes\\ListOnlineUsersRoute.js","statementMap":{"0":{"start":{"line":1,"column":25},"end":{"line":1,"column":50}},"1":{"start":{"line":2,"column":15},"end":{"line":2,"column":33}},"2":{"start":{"line":3,"column":12},"end":{"line":3,"column":35}},"3":{"start":{"line":4,"column":15},"end":{"line":4,"column":33}},"4":{"start":{"line":5,"column":17},"end":{"line":5,"column":39}},"5":{"start":{"line":6,"column":23},"end":{"line":6,"column":65}},"6":{"start":{"line":8,"column":0},"end":{"line":35,"column":1}},"7":{"start":{"line":9,"column":4},"end":{"line":34,"column":5}},"8":{"start":{"line":10,"column":8},"end":{"line":32,"column":9}},"9":{"start":{"line":11,"column":33},"end":{"line":11,"column":61}},"10":{"start":{"line":12,"column":32},"end":{"line":12,"column":58}},"11":{"start":{"line":13,"column":12},"end":{"line":28,"column":14}},"12":{"start":{"line":14,"column":16},"end":{"line":27,"column":17}},"13":{"start":{"line":15,"column":20},"end":{"line":15,"column":77}},"14":{"start":{"line":17,"column":42},"end":{"line":25,"column":22}},"15":{"start":{"line":26,"column":20},"end":{"line":26,"column":66}},"16":{"start":{"line":31,"column":12},"end":{"line":31,"column":69}}},"fnMap":{"0":{"name":"(anonymous_0)","decl":{"start":{"line":8,"column":17},"end":{"line":8,"column":18}},"loc":{"start":{"line":8,"column":26},"end":{"line":35,"column":1}},"line":8},"1":{"name":"(anonymous_1)","decl":{"start":{"line":9,"column":62},"end":{"line":9,"column":63}},"loc":{"start":{"line":9,"column":82},"end":{"line":33,"column":5}},"line":9},"2":{"name":"(anonymous_2)","decl":{"start":{"line":13,"column":44},"end":{"line":13,"column":45}},"loc":{"start":{"line":13,"column":68},"end":{"line":28,"column":13}},"line":13}},"branchMap":{"0":{"loc":{"start":{"line":10,"column":8},"end":{"line":32,"column":9}},"type":"if","locations":[{"start":{"line":10,"column":8},"end":{"line":32,"column":9}},{"start":{"line":30,"column":13},"end":{"line":32,"column":9}}],"line":10},"1":{"loc":{"start":{"line":14,"column":16},"end":{"line":27,"column":17}},"type":"if","locations":[{"start":{"line":14,"column":16},"end":{"line":27,"column":17}},{"start":{"line":16,"column":23},"end":{"line":27,"column":17}}],"line":14}},"s":{"0":5,"1":5,"2":5,"3":5,"4":5,"5":5,"6":5,"7":5,"8":3,"9":2,"10":2,"11":2,"12":2,"13":1,"14":1,"15":1,"16":1},"f":{"0":5,"1":3,"2":2},"b":{"0":[2,1],"1":[1,1]},"_coverageSchema":"1a1c01bbd47fc00a2c39e90264f33305004495a9","hash":"0ec47e45351f740ddc33150607ad5d290f7f5a8c"}
,"C:\\Users\\lxndr\\Documents\\Szakdolgozat\\RaccoonRecycle\\PrismaBackend\\routes\\LoginRoute.js": {"path":"C:\\Users\\lxndr\\Documents\\Szakdolgozat\\RaccoonRecycle\\PrismaBackend\\routes\\LoginRoute.js","statementMap":{"0":{"start":{"line":1,"column":25},"end":{"line":1,"column":50}},"1":{"start":{"line":2,"column":15},"end":{"line":2,"column":33}},"2":{"start":{"line":3,"column":15},"end":{"line":3,"column":32}},"3":{"start":{"line":4,"column":12},"end":{"line":4,"column":35}},"4":{"start":{"line":5,"column":15},"end":{"line":5,"column":33}},"5":{"start":{"line":6,"column":17},"end":{"line":6,"column":39}},"6":{"start":{"line":7,"column":23},"end":{"line":7,"column":65}},"7":{"start":{"line":10,"column":0},"end":{"line":45,"column":1}},"8":{"start":{"line":11,"column":4},"end":{"line":44,"column":6}},"9":{"start":{"line":12,"column":26},"end":{"line":14,"column":10}},"10":{"start":{"line":15,"column":8},"end":{"line":43,"column":9}},"11":{"start":{"line":16,"column":12},"end":{"line":16,"column":70}},"12":{"start":{"line":18,"column":12},"end":{"line":42,"column":13}},"13":{"start":{"line":19,"column":16},"end":{"line":39,"column":17}},"14":{"start":{"line":20,"column":20},"end":{"line":22,"column":21}},"15":{"start":{"line":24,"column":31},"end":{"line":28,"column":21}},"16":{"start":{"line":29,"column":34},"end":{"line":29,"column":56}},"17":{"start":{"line":30,"column":20},"end":{"line":37,"column":22}},"18":{"start":{"line":38,"column":20},"end":{"line":38,"column":49}},"19":{"start":{"line":41,"column":16},"end":{"line":41,"column":74}}},"fnMap":{"0":{"name":"(anonymous_0)","decl":{"start":{"line":10,"column":17},"end":{"line":10,"column":18}},"loc":{"start":{"line":10,"column":26},"end":{"line":45,"column":1}},"line":10},"1":{"name":"(anonymous_1)","decl":{"start":{"line":11,"column":45},"end":{"line":11,"column":46}},"loc":{"start":{"line":11,"column":65},"end":{"line":44,"column":5}},"line":11}},"branchMap":{"0":{"loc":{"start":{"line":15,"column":8},"end":{"line":43,"column":9}},"type":"if","locations":[{"start":{"line":15,"column":8},"end":{"line":43,"column":9}},{"start":{"line":17,"column":15},"end":{"line":43,"column":9}}],"line":15},"1":{"loc":{"start":{"line":18,"column":12},"end":{"line":42,"column":13}},"type":"if","locations":[{"start":{"line":18,"column":12},"end":{"line":42,"column":13}},{"start":{"line":40,"column":19},"end":{"line":42,"column":13}}],"line":18},"2":{"loc":{"start":{"line":19,"column":16},"end":{"line":39,"column":17}},"type":"if","locations":[{"start":{"line":19,"column":16},"end":{"line":39,"column":17}},{"start":{"line":23,"column":23},"end":{"line":39,"column":17}}],"line":19}},"s":{"0":5,"1":5,"2":5,"3":5,"4":5,"5":5,"6":5,"7":5,"8":5,"9":4,"10":4,"11":1,"12":3,"13":1,"14":1,"15":0,"16":0,"17":0,"18":0,"19":2},"f":{"0":5,"1":4},"b":{"0":[1,3],"1":[1,2],"2":[1,0]},"_coverageSchema":"1a1c01bbd47fc00a2c39e90264f33305004495a9","hash":"9ee3175305e30408e67c22988a0e0a8c7f1ae974"}
,"C:\\Users\\lxndr\\Documents\\Szakdolgozat\\RaccoonRecycle\\PrismaBackend\\routes\\MailSender.js": {"path":"C:\\Users\\lxndr\\Documents\\Szakdolgozat\\RaccoonRecycle\\PrismaBackend\\routes\\MailSender.js","statementMap":{"0":{"start":{"line":1,"column":25},"end":{"line":1,"column":50}},"1":{"start":{"line":2,"column":15},"end":{"line":2,"column":33}},"2":{"start":{"line":3,"column":17},"end":{"line":3,"column":38}},"3":{"start":{"line":4,"column":17},"end":{"line":4,"column":39}},"4":{"start":{"line":5,"column":23},"end":{"line":5,"column":65}},"5":{"start":{"line":6,"column":22},"end":{"line":6,"column":48}},"6":{"start":{"line":7,"column":15},"end":{"line":7,"column":48}},"7":{"start":{"line":9,"column":0},"end":{"line":46,"column":1}},"8":{"start":{"line":10,"column":4},"end":{"line":45,"column":6}},"9":{"start":{"line":11,"column":8},"end":{"line":11,"column":35}},"10":{"start":{"line":12,"column":26},"end":{"line":12,"column":92}},"11":{"start":{"line":13,"column":8},"end":{"line":13,"column":32}},"12":{"start":{"line":14,"column":8},"end":{"line":44,"column":9}},"13":{"start":{"line":15,"column":12},"end":{"line":15,"column":64}},"14":{"start":{"line":18,"column":23},"end":{"line":18,"column":37}},"15":{"start":{"line":19,"column":12},"end":{"line":27,"column":14}},"16":{"start":{"line":28,"column":24},"end":{"line":34,"column":14}},"17":{"start":{"line":35,"column":12},"end":{"line":41,"column":14}},"18":{"start":{"line":42,"column":12},"end":{"line":42,"column":131}}},"fnMap":{"0":{"name":"(anonymous_0)","decl":{"start":{"line":9,"column":17},"end":{"line":9,"column":18}},"loc":{"start":{"line":9,"column":24},"end":{"line":46,"column":1}},"line":9},"1":{"name":"(anonymous_1)","decl":{"start":{"line":10,"column":44},"end":{"line":10,"column":45}},"loc":{"start":{"line":10,"column":64},"end":{"line":45,"column":5}},"line":10}},"branchMap":{"0":{"loc":{"start":{"line":14,"column":8},"end":{"line":44,"column":9}},"type":"if","locations":[{"start":{"line":14,"column":8},"end":{"line":44,"column":9}},{"start":{"line":17,"column":13},"end":{"line":44,"column":9}}],"line":14}},"s":{"0":5,"1":5,"2":5,"3":5,"4":5,"5":5,"6":5,"7":5,"8":5,"9":2,"10":2,"11":2,"12":2,"13":1,"14":1,"15":1,"16":1,"17":1,"18":1},"f":{"0":5,"1":2},"b":{"0":[1,1]},"_coverageSchema":"1a1c01bbd47fc00a2c39e90264f33305004495a9","hash":"935a3cfffd2e957baf680b21b4a066eb9973e1a9"}
,"C:\\Users\\lxndr\\Documents\\Szakdolgozat\\RaccoonRecycle\\PrismaBackend\\routes\\PasswordChange.js": {"path":"C:\\Users\\lxndr\\Documents\\Szakdolgozat\\RaccoonRecycle\\PrismaBackend\\routes\\PasswordChange.js","statementMap":{"0":{"start":{"line":1,"column":25},"end":{"line":1,"column":50}},"1":{"start":{"line":2,"column":15},"end":{"line":2,"column":33}},"2":{"start":{"line":3,"column":17},"end":{"line":3,"column":39}},"3":{"start":{"line":4,"column":23},"end":{"line":4,"column":65}},"4":{"start":{"line":5,"column":12},"end":{"line":5,"column":35}},"5":{"start":{"line":6,"column":15},"end":{"line":6,"column":33}},"6":{"start":{"line":8,"column":0},"end":{"line":32,"column":1}},"7":{"start":{"line":9,"column":4},"end":{"line":31,"column":6}},"8":{"start":{"line":10,"column":28},"end":{"line":10,"column":105}},"9":{"start":{"line":11,"column":8},"end":{"line":30,"column":9}},"10":{"start":{"line":12,"column":12},"end":{"line":12,"column":43}},"11":{"start":{"line":15,"column":28},"end":{"line":22,"column":14}},"12":{"start":{"line":23,"column":23},"end":{"line":27,"column":13}},"13":{"start":{"line":28,"column":26},"end":{"line":28,"column":48}},"14":{"start":{"line":29,"column":12},"end":{"line":29,"column":46}}},"fnMap":{"0":{"name":"(anonymous_0)","decl":{"start":{"line":8,"column":17},"end":{"line":8,"column":18}},"loc":{"start":{"line":8,"column":24},"end":{"line":32,"column":1}},"line":8},"1":{"name":"(anonymous_1)","decl":{"start":{"line":9,"column":54},"end":{"line":9,"column":55}},"loc":{"start":{"line":9,"column":74},"end":{"line":31,"column":5}},"line":9}},"branchMap":{"0":{"loc":{"start":{"line":11,"column":8},"end":{"line":30,"column":9}},"type":"if","locations":[{"start":{"line":11,"column":8},"end":{"line":30,"column":9}},{"start":{"line":14,"column":13},"end":{"line":30,"column":9}}],"line":11}},"s":{"0":5,"1":5,"2":5,"3":5,"4":5,"5":5,"6":5,"7":5,"8":2,"9":2,"10":2,"11":0,"12":0,"13":0,"14":0},"f":{"0":5,"1":2},"b":{"0":[2,0]},"_coverageSchema":"1a1c01bbd47fc00a2c39e90264f33305004495a9","hash":"61cbf1bbbdac156245298f9e1facd62d4a3989ba"}
,"C:\\Users\\lxndr\\Documents\\Szakdolgozat\\RaccoonRecycle\\PrismaBackend\\routes\\RegisterRoute.js": {"path":"C:\\Users\\lxndr\\Documents\\Szakdolgozat\\RaccoonRecycle\\PrismaBackend\\routes\\RegisterRoute.js","statementMap":{"0":{"start":{"line":1,"column":25},"end":{"line":1,"column":50}},"1":{"start":{"line":2,"column":15},"end":{"line":2,"column":33}},"2":{"start":{"line":3,"column":15},"end":{"line":3,"column":32}},"3":{"start":{"line":4,"column":19},"end":{"line":4,"column":20}},"4":{"start":{"line":5,"column":17},"end":{"line":5,"column":39}},"5":{"start":{"line":6,"column":12},"end":{"line":6,"column":35}},"6":{"start":{"line":7,"column":15},"end":{"line":7,"column":33}},"7":{"start":{"line":8,"column":23},"end":{"line":8,"column":65}},"8":{"start":{"line":11,"column":0},"end":{"line":80,"column":1}},"9":{"start":{"line":12,"column":4},"end":{"line":78,"column":6}},"10":{"start":{"line":13,"column":34},"end":{"line":13,"column":106}},"11":{"start":{"line":14,"column":31},"end":{"line":14,"column":97}},"12":{"start":{"line":15,"column":8},"end":{"line":77,"column":9}},"13":{"start":{"line":16,"column":23},"end":{"line":20,"column":13}},"14":{"start":{"line":21,"column":26},"end":{"line":21,"column":48}},"15":{"start":{"line":22,"column":12},"end":{"line":22,"column":67}},"16":{"start":{"line":23,"column":29},"end":{"line":66,"column":14}},"17":{"start":{"line":67,"column":12},"end":{"line":72,"column":14}},"18":{"start":{"line":73,"column":12},"end":{"line":73,"column":79}},"19":{"start":{"line":76,"column":12},"end":{"line":76,"column":106}}},"fnMap":{"0":{"name":"(anonymous_0)","decl":{"start":{"line":11,"column":17},"end":{"line":11,"column":18}},"loc":{"start":{"line":11,"column":24},"end":{"line":80,"column":1}},"line":11},"1":{"name":"(anonymous_1)","decl":{"start":{"line":12,"column":48},"end":{"line":12,"column":49}},"loc":{"start":{"line":12,"column":68},"end":{"line":78,"column":5}},"line":12}},"branchMap":{"0":{"loc":{"start":{"line":15,"column":8},"end":{"line":77,"column":9}},"type":"if","locations":[{"start":{"line":15,"column":8},"end":{"line":77,"column":9}},{"start":{"line":75,"column":13},"end":{"line":77,"column":9}}],"line":15},"1":{"loc":{"start":{"line":15,"column":12},"end":{"line":15,"column":67}},"type":"binary-expr","locations":[{"start":{"line":15,"column":12},"end":{"line":15,"column":39}},{"start":{"line":15,"column":43},"end":{"line":15,"column":67}}],"line":15}},"s":{"0":5,"1":5,"2":5,"3":5,"4":5,"5":5,"6":5,"7":5,"8":5,"9":5,"10":0,"11":0,"12":0,"13":0,"14":0,"15":0,"16":0,"17":0,"18":0,"19":0},"f":{"0":5,"1":0},"b":{"0":[0,0],"1":[0,0]},"_coverageSchema":"1a1c01bbd47fc00a2c39e90264f33305004495a9","hash":"d66a4a8c6f894bd92a6f81a3d521cb3460f3c227"}
,"C:\\Users\\lxndr\\Documents\\Szakdolgozat\\RaccoonRecycle\\PrismaBackend\\routes\\SaveRoute.js": {"path":"C:\\Users\\lxndr\\Documents\\Szakdolgozat\\RaccoonRecycle\\PrismaBackend\\routes\\SaveRoute.js","statementMap":{"0":{"start":{"line":1,"column":25},"end":{"line":1,"column":50}},"1":{"start":{"line":2,"column":15},"end":{"line":2,"column":33}},"2":{"start":{"line":3,"column":12},"end":{"line":3,"column":35}},"3":{"start":{"line":4,"column":15},"end":{"line":4,"column":33}},"4":{"start":{"line":5,"column":17},"end":{"line":5,"column":39}},"5":{"start":{"line":6,"column":23},"end":{"line":6,"column":65}},"6":{"start":{"line":8,"column":0},"end":{"line":62,"column":1}},"7":{"start":{"line":9,"column":4},"end":{"line":60,"column":6}},"8":{"start":{"line":10,"column":29},"end":{"line":10,"column":57}},"9":{"start":{"line":11,"column":28},"end":{"line":11,"column":54}},"10":{"start":{"line":12,"column":8},"end":{"line":12,"column":100}},"11":{"start":{"line":13,"column":25},"end":{"line":13,"column":56}},"12":{"start":{"line":14,"column":8},"end":{"line":58,"column":9}},"13":{"start":{"line":16,"column":12},"end":{"line":16,"column":52}},"14":{"start":{"line":16,"column":41},"end":{"line":16,"column":51}},"15":{"start":{"line":17,"column":12},"end":{"line":17,"column":52}},"16":{"start":{"line":17,"column":41},"end":{"line":17,"column":51}},"17":{"start":{"line":18,"column":12},"end":{"line":18,"column":52}},"18":{"start":{"line":18,"column":41},"end":{"line":18,"column":51}},"19":{"start":{"line":19,"column":12},"end":{"line":19,"column":52}},"20":{"start":{"line":19,"column":41},"end":{"line":19,"column":51}},"21":{"start":{"line":20,"column":12},"end":{"line":53,"column":14}},"22":{"start":{"line":54,"column":12},"end":{"line":54,"column":74}},"23":{"start":{"line":57,"column":12},"end":{"line":57,"column":56}}},"fnMap":{"0":{"name":"(anonymous_0)","decl":{"start":{"line":8,"column":17},"end":{"line":8,"column":18}},"loc":{"start":{"line":8,"column":24},"end":{"line":62,"column":1}},"line":8},"1":{"name":"(anonymous_1)","decl":{"start":{"line":9,"column":44},"end":{"line":9,"column":45}},"loc":{"start":{"line":9,"column":64},"end":{"line":60,"column":5}},"line":9}},"branchMap":{"0":{"loc":{"start":{"line":14,"column":8},"end":{"line":58,"column":9}},"type":"if","locations":[{"start":{"line":14,"column":8},"end":{"line":58,"column":9}},{"start":{"line":56,"column":13},"end":{"line":58,"column":9}}],"line":14},"1":{"loc":{"start":{"line":16,"column":12},"end":{"line":16,"column":52}},"type":"if","locations":[{"start":{"line":16,"column":12},"end":{"line":16,"column":52}},{"start":{},"end":{}}],"line":16},"2":{"loc":{"start":{"line":17,"column":12},"end":{"line":17,"column":52}},"type":"if","locations":[{"start":{"line":17,"column":12},"end":{"line":17,"column":52}},{"start":{},"end":{}}],"line":17},"3":{"loc":{"start":{"line":18,"column":12},"end":{"line":18,"column":52}},"type":"if","locations":[{"start":{"line":18,"column":12},"end":{"line":18,"column":52}},{"start":{},"end":{}}],"line":18},"4":{"loc":{"start":{"line":19,"column":12},"end":{"line":19,"column":52}},"type":"if","locations":[{"start":{"line":19,"column":12},"end":{"line":19,"column":52}},{"start":{},"end":{}}],"line":19}},"s":{"0":5,"1":5,"2":5,"3":5,"4":5,"5":5,"6":5,"7":10,"8":0,"9":0,"10":0,"11":0,"12":0,"13":0,"14":0,"15":0,"16":0,"17":0,"18":0,"19":0,"20":0,"21":0,"22":0,"23":0},"f":{"0":10,"1":0},"b":{"0":[0,0],"1":[0,0],"2":[0,0],"3":[0,0],"4":[0,0]},"_coverageSchema":"1a1c01bbd47fc00a2c39e90264f33305004495a9","hash":"071bfa52e771db9608c30a63a26fa879736a4195"}
,"C:\\Users\\lxndr\\Documents\\Szakdolgozat\\RaccoonRecycle\\PrismaBackend\\routes\\SetAchievementsRoute.js": {"path":"C:\\Users\\lxndr\\Documents\\Szakdolgozat\\RaccoonRecycle\\PrismaBackend\\routes\\SetAchievementsRoute.js","statementMap":{"0":{"start":{"line":1,"column":25},"end":{"line":1,"column":50}},"1":{"start":{"line":2,"column":15},"end":{"line":2,"column":33}},"2":{"start":{"line":3,"column":12},"end":{"line":3,"column":35}},"3":{"start":{"line":4,"column":15},"end":{"line":4,"column":33}},"4":{"start":{"line":5,"column":17},"end":{"line":5,"column":39}},"5":{"start":{"line":6,"column":17},"end":{"line":6,"column":34}},"6":{"start":{"line":9,"column":0},"end":{"line":60,"column":1}},"7":{"start":{"line":10,"column":4},"end":{"line":58,"column":6}},"8":{"start":{"line":11,"column":8},"end":{"line":56,"column":9}},"9":{"start":{"line":13,"column":33},"end":{"line":13,"column":61}},"10":{"start":{"line":14,"column":32},"end":{"line":14,"column":58}},"11":{"start":{"line":15,"column":29},"end":{"line":15,"column":60}},"12":{"start":{"line":16,"column":12},"end":{"line":51,"column":13}},"13":{"start":{"line":17,"column":40},"end":{"line":24,"column":18}},"14":{"start":{"line":25,"column":16},"end":{"line":49,"column":18}},"15":{"start":{"line":50,"column":16},"end":{"line":50,"column":67}},"16":{"start":{"line":52,"column":12},"end":{"line":52,"column":59}},"17":{"start":{"line":55,"column":12},"end":{"line":55,"column":59}}},"fnMap":{"0":{"name":"(anonymous_0)","decl":{"start":{"line":9,"column":17},"end":{"line":9,"column":18}},"loc":{"start":{"line":9,"column":24},"end":{"line":60,"column":1}},"line":9},"1":{"name":"(anonymous_1)","decl":{"start":{"line":10,"column":49},"end":{"line":10,"column":50}},"loc":{"start":{"line":10,"column":69},"end":{"line":58,"column":5}},"line":10}},"branchMap":{"0":{"loc":{"start":{"line":11,"column":8},"end":{"line":56,"column":9}},"type":"if","locations":[{"start":{"line":11,"column":8},"end":{"line":56,"column":9}},{"start":{"line":54,"column":12},"end":{"line":56,"column":9}}],"line":11},"1":{"loc":{"start":{"line":16,"column":12},"end":{"line":51,"column":13}},"type":"if","locations":[{"start":{"line":16,"column":12},"end":{"line":51,"column":13}},{"start":{},"end":{}}],"line":16}},"s":{"0":5,"1":5,"2":5,"3":5,"4":5,"5":5,"6":5,"7":5,"8":0,"9":0,"10":0,"11":0,"12":0,"13":0,"14":0,"15":0,"16":0,"17":0},"f":{"0":5,"1":0},"b":{"0":[0,0],"1":[0,0]},"_coverageSchema":"1a1c01bbd47fc00a2c39e90264f33305004495a9","hash":"a38f862bcbcfd38b2613662ffefec1d87386421d"}
,"C:\\Users\\lxndr\\Documents\\Szakdolgozat\\RaccoonRecycle\\PrismaBackend\\routes\\UpdateUserRoute.js": {"path":"C:\\Users\\lxndr\\Documents\\Szakdolgozat\\RaccoonRecycle\\PrismaBackend\\routes\\UpdateUserRoute.js","statementMap":{"0":{"start":{"line":1,"column":25},"end":{"line":1,"column":50}},"1":{"start":{"line":2,"column":15},"end":{"line":2,"column":33}},"2":{"start":{"line":3,"column":12},"end":{"line":3,"column":35}},"3":{"start":{"line":4,"column":15},"end":{"line":4,"column":33}},"4":{"start":{"line":5,"column":17},"end":{"line":5,"column":39}},"5":{"start":{"line":6,"column":23},"end":{"line":6,"column":65}},"6":{"start":{"line":8,"column":0},"end":{"line":33,"column":1}},"7":{"start":{"line":9,"column":4},"end":{"line":32,"column":6}},"8":{"start":{"line":10,"column":8},"end":{"line":31,"column":9}},"9":{"start":{"line":11,"column":33},"end":{"line":11,"column":61}},"10":{"start":{"line":12,"column":32},"end":{"line":12,"column":58}},"11":{"start":{"line":13,"column":12},"end":{"line":27,"column":14}},"12":{"start":{"line":14,"column":16},"end":{"line":26,"column":17}},"13":{"start":{"line":15,"column":20},"end":{"line":15,"column":70}},"14":{"start":{"line":17,"column":20},"end":{"line":24,"column":22}},"15":{"start":{"line":25,"column":20},"end":{"line":25,"column":86}},"16":{"start":{"line":30,"column":12},"end":{"line":30,"column":69}}},"fnMap":{"0":{"name":"(anonymous_0)","decl":{"start":{"line":8,"column":17},"end":{"line":8,"column":18}},"loc":{"start":{"line":8,"column":26},"end":{"line":33,"column":1}},"line":8},"1":{"name":"(anonymous_1)","decl":{"start":{"line":9,"column":50},"end":{"line":9,"column":51}},"loc":{"start":{"line":9,"column":70},"end":{"line":32,"column":5}},"line":9},"2":{"name":"(anonymous_2)","decl":{"start":{"line":13,"column":44},"end":{"line":13,"column":45}},"loc":{"start":{"line":13,"column":68},"end":{"line":27,"column":13}},"line":13}},"branchMap":{"0":{"loc":{"start":{"line":10,"column":8},"end":{"line":31,"column":9}},"type":"if","locations":[{"start":{"line":10,"column":8},"end":{"line":31,"column":9}},{"start":{"line":29,"column":13},"end":{"line":31,"column":9}}],"line":10},"1":{"loc":{"start":{"line":14,"column":16},"end":{"line":26,"column":17}},"type":"if","locations":[{"start":{"line":14,"column":16},"end":{"line":26,"column":17}},{"start":{"line":16,"column":23},"end":{"line":26,"column":17}}],"line":14}},"s":{"0":5,"1":5,"2":5,"3":5,"4":5,"5":5,"6":5,"7":5,"8":3,"9":2,"10":2,"11":2,"12":2,"13":1,"14":1,"15":1,"16":1},"f":{"0":5,"1":3,"2":2},"b":{"0":[2,1],"1":[1,1]},"_coverageSchema":"1a1c01bbd47fc00a2c39e90264f33305004495a9","hash":"4a73456b5c996a8da16a3eea0f3d089d74905435"}
,"C:\\Users\\lxndr\\Documents\\Szakdolgozat\\RaccoonRecycle\\PrismaBackend\\utils\\startServer.js": {"path":"C:\\Users\\lxndr\\Documents\\Szakdolgozat\\RaccoonRecycle\\PrismaBackend\\utils\\startServer.js","statementMap":{"0":{"start":{"line":1,"column":12},"end":{"line":1,"column":32}},"1":{"start":{"line":4,"column":15},"end":{"line":4,"column":33}},"2":{"start":{"line":6,"column":2},"end":{"line":8,"column":5}},"3":{"start":{"line":7,"column":4},"end":{"line":7,"column":53}},"4":{"start":{"line":11,"column":0},"end":{"line":11,"column":29}}},"fnMap":{"0":{"name":"startServer","decl":{"start":{"line":3,"column":9},"end":{"line":3,"column":20}},"loc":{"start":{"line":3,"column":33},"end":{"line":9,"column":1}},"line":3},"1":{"name":"(anonymous_1)","decl":{"start":{"line":6,"column":25},"end":{"line":6,"column":26}},"loc":{"start":{"line":6,"column":31},"end":{"line":8,"column":3}},"line":6}},"branchMap":{"0":{"loc":{"start":{"line":4,"column":15},"end":{"line":4,"column":33}},"type":"binary-expr","locations":[{"start":{"line":4,"column":15},"end":{"line":4,"column":25}},{"start":{"line":4,"column":29},"end":{"line":4,"column":33}}],"line":4}},"s":{"0":2,"1":0,"2":0,"3":0,"4":2},"f":{"0":0,"1":0},"b":{"0":[0,0]},"_coverageSchema":"1a1c01bbd47fc00a2c39e90264f33305004495a9","hash":"e8dcf643a6a548328d6dc8b2a393c7cd18097b55"}
}
